#
# There is insufficient memory for the Java Runtime Environment to continue.
# Native memory allocation (mmap) failed to map 88080384 bytes for committing reserved memory.
# Possible reasons:
#   The system is out of physical RAM or swap space
#   In 32 bit mode, the process size limit was hit
# Possible solutions:
#   Reduce memory load on the system
#   Increase physical memory or swap space
#   Check if swap backing store is full
#   Use 64 bit Java on a 64 bit OS
#   Decrease Java heap size (-Xmx/-Xms)
#   Decrease number of Java threads
#   Decrease Java thread stack sizes (-Xss)
#   Set larger code cache with -XX:ReservedCodeCacheSize=
# This output file may be truncated or incomplete.
#
#  Out of Memory Error (os_linux.cpp:2627), pid=13530, tid=0x00007f30693d3700
#
# JRE version:  (8.0_111-b14) (build )
# Java VM: Java HotSpot(TM) 64-Bit Server VM (25.111-b14 mixed mode linux-amd64 compressed oops)
# Failed to write core dump. Core dumps have been disabled. To enable core dumping, try "ulimit -c unlimited" before starting Java again
#

---------------  T H R E A D  ---------------

Current thread (0x00007f3060009800):  JavaThread "Unknown thread" [_thread_in_vm, id=13537, stack(0x00007f30692d3000,0x00007f30693d4000)]

Stack: [0x00007f30692d3000,0x00007f30693d4000],  sp=0x00007f30693d23c0,  free space=1020k
Native frames: (J=compiled Java code, j=interpreted, Vv=VM code, C=native code)
V  [libjvm.so+0xac5c2a]  VMError::report_and_die()+0x2ba
V  [libjvm.so+0x4fc50b]  report_vm_out_of_memory(char const*, int, unsigned long, VMErrorType, char const*)+0x8b
V  [libjvm.so+0x922ae3]  os::Linux::commit_memory_impl(char*, unsigned long, bool)+0x103
V  [libjvm.so+0x923039]  os::pd_commit_memory(char*, unsigned long, unsigned long, bool)+0x29
V  [libjvm.so+0x91d33a]  os::commit_memory(char*, unsigned long, unsigned long, bool)+0x2a
V  [libjvm.so+0x991ac3]  PSVirtualSpace::expand_by(unsigned long)+0x53
V  [libjvm.so+0x981bd7]  PSOldGen::initialize(ReservedSpace, unsigned long, char const*, int)+0xb7
V  [libjvm.so+0x2d88ea]  AdjoiningGenerations::AdjoiningGenerations(ReservedSpace, GenerationSizer*, unsigned long)+0x39a
V  [libjvm.so+0x945e96]  ParallelScavengeHeap::initialize()+0x1d6
V  [libjvm.so+0xa8dd53]  Universe::initialize_heap()+0xf3
V  [libjvm.so+0xa8e2be]  universe_init()+0x3e
V  [libjvm.so+0x63c925]  init_globals()+0x65
V  [libjvm.so+0xa719be]  Threads::create_vm(JavaVMInitArgs*, bool*)+0x23e
V  [libjvm.so+0x6d11c4]  JNI_CreateJavaVM+0x74
C  [libjli.so+0x745e]  JavaMain+0x9e
C  [libpthread.so.0+0x76ba]  start_thread+0xca


---------------  P R O C E S S  ---------------

Java Threads: ( => current thread )

Other Threads:

=>0x00007f3060009800 (exited) JavaThread "Unknown thread" [_thread_in_vm, id=13537, stack(0x00007f30692d3000,0x00007f30693d4000)]

VM state:not at safepoint (not fully initialized)

VM Mutex/Monitor currently owned by a thread: None

GC Heap History (0 events):
No events

Deoptimization events (0 events):
No events

Internal exceptions (0 events):
No events

Events (0 events):
No events


Dynamic libraries:
00400000-00401000 r-xp 00000000 08:11 4653399                            /opt/eclipse-installer/jre/bin/java
00600000-00601000 rw-p 00000000 08:11 4653399                            /opt/eclipse-installer/jre/bin/java
0088b000-008ac000 rw-p 00000000 00:00 0                                  [heap]
88c00000-d6800000 ---p 00000000 00:00 0 
d6800000-d9200000 rw-p 00000000 00:00 0 
d9200000-100000000 ---p 00000000 00:00 0 
7f3051000000-7f3051270000 rwxp 00000000 00:00 0 
7f3051270000-7f3060000000 ---p 00000000 00:00 0 
7f3060000000-7f3060034000 rw-p 00000000 00:00 0 
7f3060034000-7f3064000000 ---p 00000000 00:00 0 
7f3065a1a000-7f3065ca1000 rw-p 00000000 00:00 0 
7f3065ca1000-7f3065f39000 ---p 00000000 00:00 0 
7f3065f39000-7f3065f4e000 rw-p 00000000 00:00 0 
7f3065f4e000-7f3066085000 ---p 00000000 00:00 0 
7f3066085000-7f3066090000 rw-p 00000000 00:00 0 
7f3066090000-7f3066446000 ---p 00000000 00:00 0 
7f3066446000-7f3066460000 r-xp 00000000 08:11 4653149                    /opt/eclipse-installer/jre/lib/amd64/libzip.so
7f3066460000-7f3066660000 ---p 0001a000 08:11 4653149                    /opt/eclipse-installer/jre/lib/amd64/libzip.so
7f3066660000-7f3066661000 rw-p 0001a000 08:11 4653149                    /opt/eclipse-installer/jre/lib/amd64/libzip.so
7f3066661000-7f306666c000 r-xp 00000000 08:11 20522025                   /lib/x86_64-linux-gnu/libnss_files-2.23.so
7f306666c000-7f306686b000 ---p 0000b000 08:11 20522025                   /lib/x86_64-linux-gnu/libnss_files-2.23.so
7f306686b000-7f306686c000 r--p 0000a000 08:11 20522025                   /lib/x86_64-linux-gnu/libnss_files-2.23.so
7f306686c000-7f306686d000 rw-p 0000b000 08:11 20522025                   /lib/x86_64-linux-gnu/libnss_files-2.23.so
7f306686d000-7f3066873000 rw-p 00000000 00:00 0 
7f3066873000-7f306687e000 r-xp 00000000 08:11 20522031                   /lib/x86_64-linux-gnu/libnss_nis-2.23.so
7f306687e000-7f3066a7d000 ---p 0000b000 08:11 20522031                   /lib/x86_64-linux-gnu/libnss_nis-2.23.so
7f3066a7d000-7f3066a7e000 r--p 0000a000 08:11 20522031                   /lib/x86_64-linux-gnu/libnss_nis-2.23.so
7f3066a7e000-7f3066a7f000 rw-p 0000b000 08:11 20522031                   /lib/x86_64-linux-gnu/libnss_nis-2.23.so
7f3066a7f000-7f3066a95000 r-xp 00000000 08:11 20519733                   /lib/x86_64-linux-gnu/libnsl-2.23.so
7f3066a95000-7f3066c94000 ---p 00016000 08:11 20519733                   /lib/x86_64-linux-gnu/libnsl-2.23.so
7f3066c94000-7f3066c95000 r--p 00015000 08:11 20519733                   /lib/x86_64-linux-gnu/libnsl-2.23.so
7f3066c95000-7f3066c96000 rw-p 00016000 08:11 20519733                   /lib/x86_64-linux-gnu/libnsl-2.23.so
7f3066c96000-7f3066c98000 rw-p 00000000 00:00 0 
7f3066c98000-7f3066ca0000 r-xp 00000000 08:11 20522004                   /lib/x86_64-linux-gnu/libnss_compat-2.23.so
7f3066ca0000-7f3066e9f000 ---p 00008000 08:11 20522004                   /lib/x86_64-linux-gnu/libnss_compat-2.23.so
7f3066e9f000-7f3066ea0000 r--p 00007000 08:11 20522004                   /lib/x86_64-linux-gnu/libnss_compat-2.23.so
7f3066ea0000-7f3066ea1000 rw-p 00008000 08:11 20522004                   /lib/x86_64-linux-gnu/libnss_compat-2.23.so
7f3066ea1000-7f3066ecc000 r-xp 00000000 08:11 4653174                    /opt/eclipse-installer/jre/lib/amd64/libjava.so
7f3066ecc000-7f30670cb000 ---p 0002b000 08:11 4653174                    /opt/eclipse-installer/jre/lib/amd64/libjava.so
7f30670cb000-7f30670cd000 rw-p 0002a000 08:11 4653174                    /opt/eclipse-installer/jre/lib/amd64/libjava.so
7f30670cd000-7f30670da000 r-xp 00000000 08:11 4653127                    /opt/eclipse-installer/jre/lib/amd64/libverify.so
7f30670da000-7f30672d9000 ---p 0000d000 08:11 4653127                    /opt/eclipse-installer/jre/lib/amd64/libverify.so
7f30672d9000-7f30672db000 rw-p 0000c000 08:11 4653127                    /opt/eclipse-installer/jre/lib/amd64/libverify.so
7f30672db000-7f30672e2000 r-xp 00000000 08:11 20522032                   /lib/x86_64-linux-gnu/librt-2.23.so
7f30672e2000-7f30674e1000 ---p 00007000 08:11 20522032                   /lib/x86_64-linux-gnu/librt-2.23.so
7f30674e1000-7f30674e2000 r--p 00006000 08:11 20522032                   /lib/x86_64-linux-gnu/librt-2.23.so
7f30674e2000-7f30674e3000 rw-p 00007000 08:11 20522032                   /lib/x86_64-linux-gnu/librt-2.23.so
7f30674e3000-7f30675eb000 r-xp 00000000 08:11 20519703                   /lib/x86_64-linux-gnu/libm-2.23.so
7f30675eb000-7f30677ea000 ---p 00108000 08:11 20519703                   /lib/x86_64-linux-gnu/libm-2.23.so
7f30677ea000-7f30677eb000 r--p 00107000 08:11 20519703                   /lib/x86_64-linux-gnu/libm-2.23.so
7f30677eb000-7f30677ec000 rw-p 00108000 08:11 20519703                   /lib/x86_64-linux-gnu/libm-2.23.so
7f30677ec000-7f30684b9000 r-xp 00000000 08:11 4653178                    /opt/eclipse-installer/jre/lib/amd64/server/libjvm.so
7f30684b9000-7f30686b8000 ---p 00ccd000 08:11 4653178                    /opt/eclipse-installer/jre/lib/amd64/server/libjvm.so
7f30686b8000-7f3068791000 rw-p 00ccc000 08:11 4653178                    /opt/eclipse-installer/jre/lib/amd64/server/libjvm.so
7f3068791000-7f30687dc000 rw-p 00000000 00:00 0 
7f30687dc000-7f306899c000 r-xp 00000000 08:11 20520876                   /lib/x86_64-linux-gnu/libc-2.23.so
7f306899c000-7f3068b9c000 ---p 001c0000 08:11 20520876                   /lib/x86_64-linux-gnu/libc-2.23.so
7f3068b9c000-7f3068ba0000 r--p 001c0000 08:11 20520876                   /lib/x86_64-linux-gnu/libc-2.23.so
7f3068ba0000-7f3068ba2000 rw-p 001c4000 08:11 20520876                   /lib/x86_64-linux-gnu/libc-2.23.so
7f3068ba2000-7f3068ba6000 rw-p 00000000 00:00 0 
7f3068ba6000-7f3068ba9000 r-xp 00000000 08:11 20521997                   /lib/x86_64-linux-gnu/libdl-2.23.so
7f3068ba9000-7f3068da8000 ---p 00003000 08:11 20521997                   /lib/x86_64-linux-gnu/libdl-2.23.so
7f3068da8000-7f3068da9000 r--p 00002000 08:11 20521997                   /lib/x86_64-linux-gnu/libdl-2.23.so
7f3068da9000-7f3068daa000 rw-p 00003000 08:11 20521997                   /lib/x86_64-linux-gnu/libdl-2.23.so
7f3068daa000-7f3068dbf000 r-xp 00000000 08:11 4653163                    /opt/eclipse-installer/jre/lib/amd64/jli/libjli.so
7f3068dbf000-7f3068fbf000 ---p 00015000 08:11 4653163                    /opt/eclipse-installer/jre/lib/amd64/jli/libjli.so
7f3068fbf000-7f3068fc0000 rw-p 00015000 08:11 4653163                    /opt/eclipse-installer/jre/lib/amd64/jli/libjli.so
7f3068fc0000-7f3068fd8000 r-xp 00000000 08:11 20519883                   /lib/x86_64-linux-gnu/libpthread-2.23.so
7f3068fd8000-7f30691d7000 ---p 00018000 08:11 20519883                   /lib/x86_64-linux-gnu/libpthread-2.23.so
7f30691d7000-7f30691d8000 r--p 00017000 08:11 20519883                   /lib/x86_64-linux-gnu/libpthread-2.23.so
7f30691d8000-7f30691d9000 rw-p 00018000 08:11 20519883                   /lib/x86_64-linux-gnu/libpthread-2.23.so
7f30691d9000-7f30691dd000 rw-p 00000000 00:00 0 
7f30691dd000-7f3069203000 r-xp 00000000 08:11 20519736                   /lib/x86_64-linux-gnu/ld-2.23.so
7f30692d3000-7f30692d6000 ---p 00000000 00:00 0 
7f30692d6000-7f30693d9000 rw-p 00000000 00:00 0 
7f30693f8000-7f3069400000 rw-s 00000000 08:11 26125055                   /tmp/hsperfdata_pollux/13530
7f3069400000-7f3069401000 rw-p 00000000 00:00 0 
7f3069401000-7f3069402000 r--p 00000000 00:00 0 
7f3069402000-7f3069403000 r--p 00025000 08:11 20519736                   /lib/x86_64-linux-gnu/ld-2.23.so
7f3069403000-7f3069404000 rw-p 00026000 08:11 20519736                   /lib/x86_64-linux-gnu/ld-2.23.so
7f3069404000-7f3069405000 rw-p 00000000 00:00 0 
7fff32156000-7fff32177000 rw-p 00000000 00:00 0                          [stack]
7fff321d5000-7fff321d7000 r--p 00000000 00:00 0                          [vvar]
7fff321d7000-7fff321d9000 r-xp 00000000 00:00 0                          [vdso]
ffffffffff600000-ffffffffff601000 r-xp 00000000 00:00 0                  [vsyscall]

VM Arguments:
jvm_args: -Dfile.encoding=UTF-8 
java_command: network.main 55555
java_class_path (initial): /home/pollux/Repositories/SWT/Pathfinder/Server/Server/bin
Launcher Type: SUN_STANDARD

Environment Variables:
JAVA_HOME=/usr/local/java/jre1.8.0_111
PATH=/home/pollux/bin:/home/pollux/.local/bin:/usr/local/sbin:/usr/local/bin:/usr/sbin:/usr/bin:/sbin:/bin:/usr/games:/usr/local/games:/snap/bin:/home/pollux/bin:/usr/local/java/jre1.8.0_111/bin
SHELL=/bin/bash
DISPLAY=:0

Signal Handlers:
SIGSEGV: [libjvm.so+0xac64b0], sa_mask[0]=11111111011111111101111111111110, sa_flags=SA_RESTART|SA_SIGINFO
SIGBUS: [libjvm.so+0xac64b0], sa_mask[0]=11111111011111111101111111111110, sa_flags=SA_RESTART|SA_SIGINFO
SIGFPE: [libjvm.so+0x91f950], sa_mask[0]=11111111011111111101111111111110, sa_flags=SA_RESTART|SA_SIGINFO
SIGPIPE: [libjvm.so+0x91f950], sa_mask[0]=11111111011111111101111111111110, sa_flags=SA_RESTART|SA_SIGINFO
SIGXFSZ: [libjvm.so+0x91f950], sa_mask[0]=11111111011111111101111111111110, sa_flags=SA_RESTART|SA_SIGINFO
SIGILL: [libjvm.so+0x91f950], sa_mask[0]=11111111011111111101111111111110, sa_flags=SA_RESTART|SA_SIGINFO
SIGUSR1: SIG_DFL, sa_mask[0]=00000000000000000000000000000000, sa_flags=none
SIGUSR2: [libjvm.so+0x920f80], sa_mask[0]=00100000000000000000000000000000, sa_flags=SA_RESTART|SA_SIGINFO
SIGHUP: SIG_DFL, sa_mask[0]=00000000000000000000000000000000, sa_flags=none
SIGINT: SIG_DFL, sa_mask[0]=00000000000000000000000000000000, sa_flags=none
SIGTERM: SIG_DFL, sa_mask[0]=00000000000000000000000000000000, sa_flags=none
SIGQUIT: SIG_DFL, sa_mask[0]=00000000000000000000000000000000, sa_flags=none


---------------  S Y S T E M  ---------------

OS:DISTRIB_ID=Ubuntu
DISTRIB_RELEASE=16.04
DISTRIB_CODENAME=xenial
DISTRIB_DESCRIPTION="Ubuntu 16.04.3 LTS"

uname:Linux 4.7.0-040700rc3-generic #201606121131 SMP Sun Jun 12 15:34:32 UTC 2016 x86_64
libc:glibc 2.23 NPTL 2.23 
rlimit: STACK 8192k, CORE 0k, NPROC 31665, NOFILE 1048576, AS infinity
load average:2.71 1.17 0.77

/proc/meminfo:
MemTotal:        8156324 kB
MemFree:          131452 kB
MemAvailable:      37364 kB
Buffers:            1108 kB
Cached:           335676 kB
SwapCached:            0 kB
Active:          7238732 kB
Inactive:         316172 kB
Active(anon):    7220784 kB
Inactive(anon):   291716 kB
Active(file):      17948 kB
Inactive(file):    24456 kB
Unevictable:          96 kB
Mlocked:              96 kB
SwapTotal:             0 kB
SwapFree:              0 kB
Dirty:               208 kB
Writeback:             0 kB
AnonPages:       7218208 kB
Mapped:           492788 kB
Shmem:            293664 kB
Slab:             126980 kB
SReclaimable:      43404 kB
SUnreclaim:        83576 kB
KernelStack:       18560 kB
PageTables:        66192 kB
NFS_Unstable:          0 kB
Bounce:                0 kB
WritebackTmp:          0 kB
CommitLimit:     4078160 kB
Committed_AS:   15475136 kB
VmallocTotal:   34359738367 kB
VmallocUsed:           0 kB
VmallocChunk:          0 kB
HardwareCorrupted:     0 kB
AnonHugePages:   3426304 kB
CmaTotal:              0 kB
CmaFree:               0 kB
HugePages_Total:       0
HugePages_Free:        0
HugePages_Rsvd:        0
HugePages_Surp:        0
Hugepagesize:       2048 kB
DirectMap4k:      808148 kB
DirectMap2M:     7561216 kB


CPU:total 8 (4 cores per cpu, 2 threads per core) family 6 model 42 stepping 7, cmov, cx8, fxsr, mmx, sse, sse2, sse3, ssse3, sse4.1, sse4.2, popcnt, avx, aes, clmul, ht, tsc, tscinvbit

/proc/cpuinfo:
processor	: 0
vendor_id	: GenuineIntel
cpu family	: 6
model		: 42
model name	: Intel(R) Core(TM) i7-2600 CPU @ 3.40GHz
stepping	: 7
microcode	: 0x29
cpu MHz		: 2534.020
cache size	: 8192 KB
physical id	: 0
siblings	: 8
core id		: 0
cpu cores	: 4
apicid		: 0
initial apicid	: 0
fpu		: yes
fpu_exception	: yes
cpuid level	: 13
wp		: yes
flags		: fpu vme de pse tsc msr pae mce cx8 apic sep mtrr pge mca cmov pat pse36 clflush dts acpi mmx fxsr sse sse2 ss ht tm pbe syscall nx rdtscp lm constant_tsc arch_perfmon pebs bts rep_good nopl xtopology nonstop_tsc aperfmperf eagerfpu pni pclmulqdq dtes64 monitor ds_cpl vmx smx est tm2 ssse3 cx16 xtpr pdcm pcid sse4_1 sse4_2 x2apic popcnt tsc_deadline_timer aes xsave avx lahf_lm epb tpr_shadow vnmi flexpriority ept vpid xsaveopt dtherm ida arat pln pts
bugs		:
bogomips	: 6784.72
clflush size	: 64
cache_alignment	: 64
address sizes	: 36 bits physical, 48 bits virtual
power management:

processor	: 1
vendor_id	: GenuineIntel
cpu family	: 6
model		: 42
model name	: Intel(R) Core(TM) i7-2600 CPU @ 3.40GHz
stepping	: 7
microcode	: 0x29
cpu MHz		: 2462.426
cache size	: 8192 KB
physical id	: 0
siblings	: 8
core id		: 1
cpu cores	: 4
apicid		: 2
initial apicid	: 2
fpu		: yes
fpu_exception	: yes
cpuid level	: 13
wp		: yes
flags		: fpu vme de pse tsc msr pae mce cx8 apic sep mtrr pge mca cmov pat pse36 clflush dts acpi mmx fxsr sse sse2 ss ht tm pbe syscall nx rdtscp lm constant_tsc arch_perfmon pebs bts rep_good nopl xtopology nonstop_tsc aperfmperf eagerfpu pni pclmulqdq dtes64 monitor ds_cpl vmx smx est tm2 ssse3 cx16 xtpr pdcm pcid sse4_1 sse4_2 x2apic popcnt tsc_deadline_timer aes xsave avx lahf_lm epb tpr_shadow vnmi flexpriority ept vpid xsaveopt dtherm ida arat pln pts
bugs		:
bogomips	: 6785.60
clflush size	: 64
cache_alignment	: 64
address sizes	: 36 bits physical, 48 bits virtual
power management:

processor	: 2
vendor_id	: GenuineIntel
cpu family	: 6
model		: 42
model name	: Intel(R) Core(TM) i7-2600 CPU @ 3.40GHz
stepping	: 7
microcode	: 0x29
cpu MHz		: 2473.010
cache size	: 8192 KB
physical id	: 0
siblings	: 8
core id		: 2
cpu cores	: 4
apicid		: 4
initial apicid	: 4
fpu		: yes
fpu_exception	: yes
cpuid level	: 13
wp		: yes
flags		: fpu vme de pse tsc msr pae mce cx8 apic sep mtrr pge mca cmov pat pse36 clflush dts acpi mmx fxsr sse sse2 ss ht tm pbe syscall nx rdtscp lm constant_tsc arch_perfmon pebs bts rep_good nopl xtopology nonstop_tsc aperfmperf eagerfpu pni pclmulqdq dtes64 monitor ds_cpl vmx smx est tm2 ssse3 cx16 xtpr pdcm pcid sse4_1 sse4_2 x2apic popcnt tsc_deadline_timer aes xsave avx lahf_lm epb tpr_shadow vnmi flexpriority ept vpid xsaveopt dtherm ida arat pln pts
bugs		:
bogomips	: 6785.62
clflush size	: 64
cache_alignment	: 64
address sizes	: 36 bits physical, 48 bits virtual
power management:

processor	: 3
vendor_id	: GenuineIntel
cpu family	: 6
model		: 42
model name	: Intel(R) Core(TM) i7-2600 CPU @ 3.40GHz
stepping	: 7
microcode	: 0x29
cpu MHz		: 2377.758
cache size	: 8192 KB
physical id	: 0
siblings	: 8
core id		: 3
cpu cores	: 4
apicid		: 6
initial apicid	: 6
fpu		: yes
fpu_exception	: yes
cpuid level	: 13
wp		: yes
flags		: fpu vme de pse tsc msr pae mce cx8 apic sep mtrr pge mca cmov pat pse36 clflush dts acpi mmx fxsr sse sse2 ss ht tm pbe syscall nx rdtscp lm constant_tsc arch_perfmon pebs bts rep_good nopl xtopology nonstop_tsc aperfmperf eagerfpu pni pclmulqdq dtes64 monitor ds_cpl vmx smx est tm2 ssse3 cx16 xtpr pdcm pcid sse4_1 sse4_2 x2apic popcnt tsc_deadline_timer aes xsave avx lahf_lm epb tpr_shadow vnmi flexpriority ept vpid xsaveopt dtherm ida arat pln pts
bugs		:
bogomips	: 6785.62
clflush size	: 64
cache_alignment	: 64
address sizes	: 36 bits physical, 48 bits virtual
power management:

processor	: 4
vendor_id	: GenuineIntel
cpu family	: 6
model		: 42
model name	: Intel(R) Core(TM) i7-2600 CPU @ 3.40GHz
stepping	: 7
microcode	: 0x29
cpu MHz		: 2379.626
cache size	: 8192 KB
physical id	: 0
siblings	: 8
core id		: 0
cpu cores	: 4
apicid		: 1
initial apicid	: 1
fpu		: yes
fpu_exception	: yes
cpuid level	: 13
wp		: yes
flags		: fpu vme de pse tsc msr pae mce cx8 apic sep mtrr pge mca cmov pat pse36 clflush dts acpi mmx fxsr sse sse2 ss ht tm pbe syscall nx rdtscp lm constant_tsc arch_perfmon pebs bts rep_good nopl xtopology nonstop_tsc aperfmperf eagerfpu pni pclmulqdq dtes64 monitor ds_cpl vmx smx est tm2 ssse3 cx16 xtpr pdcm pcid sse4_1 sse4_2 x2apic popcnt tsc_deadline_timer aes xsave avx lahf_lm epb tpr_shadow vnmi flexpriority ept vpid xsaveopt dtherm ida arat pln pts
bugs		:
bogomips	: 6786.16
clflush size	: 64
cache_alignment	: 64
address sizes	: 36 bits physical, 48 bits virtual
power management:

processor	: 5
vendor_id	: GenuineIntel
cpu family	: 6
model		: 42
model name	: Intel(R) Core(TM) i7-2600 CPU @ 3.40GHz
stepping	: 7
microcode	: 0x29
cpu MHz		: 2410.131
cache size	: 8192 KB
physical id	: 0
siblings	: 8
core id		: 1
cpu cores	: 4
apicid		: 3
initial apicid	: 3
fpu		: yes
fpu_exception	: yes
cpuid level	: 13
wp		: yes
flags		: fpu vme de pse tsc msr pae mce cx8 apic sep mtrr pge mca cmov pat pse36 clflush dts acpi mmx fxsr sse sse2 ss ht tm pbe syscall nx rdtscp lm constant_tsc arch_perfmon pebs bts rep_good nopl xtopology nonstop_tsc aperfmperf eagerfpu pni pclmulqdq dtes64 monitor ds_cpl vmx smx est tm2 ssse3 cx16 xtpr pdcm pcid sse4_1 sse4_2 x2apic popcnt tsc_deadline_timer aes xsave avx lahf_lm epb tpr_shadow vnmi flexpriority ept vpid xsaveopt dtherm ida arat pln pts
bugs		:
bogomips	: 6785.75
clflush size	: 64
cache_alignment	: 64
address sizes	: 36 bits physical, 48 bits virtual
power management:

processor	: 6
vendor_id	: GenuineIntel
cpu family	: 6
model		: 42
model name	: Intel(R) Core(TM) i7-2600 CPU @ 3.40GHz
stepping	: 7
microcode	: 0x29
cpu MHz		: 2553.527
cache size	: 8192 KB
physical id	: 0
siblings	: 8
core id		: 2
cpu cores	: 4
apicid		: 5
initial apicid	: 5
fpu		: yes
fpu_exception	: yes
cpuid level	: 13
wp		: yes
flags		: fpu vme de pse tsc msr pae mce cx8 apic sep mtrr pge mca cmov pat pse36 clflush dts acpi mmx fxsr sse sse2 ss ht tm pbe syscall nx rdtscp lm constant_tsc arch_perfmon pebs bts rep_good nopl xtopology nonstop_tsc aperfmperf eagerfpu pni pclmulqdq dtes64 monitor ds_cpl vmx smx est tm2 ssse3 cx16 xtpr pdcm pcid sse4_1 sse4_2 x2apic popcnt tsc_deadline_timer aes xsave avx lahf_lm epb tpr_shadow vnmi flexpriority ept vpid xsaveopt dtherm ida arat pln pts
bugs		:
bogomips	: 6785.72
clflush size	: 64
cache_alignment	: 64
address sizes	: 36 bits physical, 48 bits virtual
power management:

processor	: 7
vendor_id	: GenuineIntel
cpu family	: 6
model		: 42
model name	: Intel(R) Core(TM) i7-2600 CPU @ 3.40GHz
stepping	: 7
microcode	: 0x29
cpu MHz		: 3509.985
cache size	: 8192 KB
physical id	: 0
siblings	: 8
core id		: 3
cpu cores	: 4
apicid		: 7
initial apicid	: 7
fpu		: yes
fpu_exception	: yes
cpuid level	: 13
wp		: yes
flags		: fpu vme de pse tsc msr pae mce cx8 apic sep mtrr pge mca cmov pat pse36 clflush dts acpi mmx fxsr sse sse2 ss ht tm pbe syscall nx rdtscp lm constant_tsc arch_perfmon pebs bts rep_good nopl xtopology nonstop_tsc aperfmperf eagerfpu pni pclmulqdq dtes64 monitor ds_cpl vmx smx est tm2 ssse3 cx16 xtpr pdcm pcid sse4_1 sse4_2 x2apic popcnt tsc_deadline_timer aes xsave avx lahf_lm epb tpr_shadow vnmi flexpriority ept vpid xsaveopt dtherm ida arat pln pts
bugs		:
bogomips	: 6785.72
clflush size	: 64
cache_alignment	: 64
address sizes	: 36 bits physical, 48 bits virtual
power management:



Memory: 4k page, physical 8156324k(131452k free), swap 0k(0k free)

vm_info: Java HotSpot(TM) 64-Bit Server VM (25.111-b14) for linux-amd64 JRE (1.8.0_111-b14), built on Sep 22 2016 16:14:03 by "java_re" with gcc 4.3.0 20080428 (Red Hat 4.3.0-8)

time: Mon Jan 29 16:07:00 2018
elapsed time: 0 seconds (0d 0h 0m 0s)

